c:\users\chris\source\repos\flexphysics\flexphysics\flexphysics\x64\debug\vc140.pdb
c:\users\chris\source\repos\flexphysics\flexphysics\flexphysics\x64\debug\vc140.idb
c:\users\chris\source\repos\flexphysics\flexphysics\flexphysics\x64\debug\connection.obj
c:\users\chris\source\repos\flexphysics\flexphysics\flexphysics\x64\debug\finiteelement.obj
c:\users\chris\source\repos\flexphysics\flexphysics\flexphysics\x64\debug\flexphysics.obj
c:\users\chris\source\repos\flexphysics\flexphysics\flexphysics\x64\debug\logger.obj
c:\users\chris\source\repos\flexphysics\flexphysics\flexphysics\x64\debug\test1.obj
c:\users\chris\source\repos\flexphysics\flexphysics\flexphysics\x64\debug\windowfactory.obj
c:\users\chris\source\repos\flexphysics\flexphysics\x64\debug\flexphysics.ilk
c:\users\chris\source\repos\flexphysics\flexphysics\x64\debug\flexphysics.exe
c:\users\chris\source\repos\flexphysics\flexphysics\x64\debug\flexphysics.pdb
c:\users\chris\source\repos\flexphysics\flexphysics\flexphysics\x64\debug\flexphysics.res
c:\users\chris\source\repos\flexphysics\flexphysics\flexphysics\x64\debug\flexphysics.tlog\cl.command.1.tlog
c:\users\chris\source\repos\flexphysics\flexphysics\flexphysics\x64\debug\flexphysics.tlog\cl.read.1.tlog
c:\users\chris\source\repos\flexphysics\flexphysics\flexphysics\x64\debug\flexphysics.tlog\cl.write.1.tlog
c:\users\chris\source\repos\flexphysics\flexphysics\flexphysics\x64\debug\flexphysics.tlog\link.command.1.tlog
c:\users\chris\source\repos\flexphysics\flexphysics\flexphysics\x64\debug\flexphysics.tlog\link.read.1.tlog
c:\users\chris\source\repos\flexphysics\flexphysics\flexphysics\x64\debug\flexphysics.tlog\link.write.1.tlog
c:\users\chris\source\repos\flexphysics\flexphysics\flexphysics\x64\debug\flexphysics.tlog\rc.command.1.tlog
c:\users\chris\source\repos\flexphysics\flexphysics\flexphysics\x64\debug\flexphysics.tlog\rc.read.1.tlog
c:\users\chris\source\repos\flexphysics\flexphysics\flexphysics\x64\debug\flexphysics.tlog\rc.write.1.tlog
